2026-02-09T15:02:20.649-06:00  INFO 9436 --- [demo] [restartedMain] c.a.auth_services.DemoApplication        : Starting DemoApplication using Java 21.0.10 with PID 9436 (/home/france/pos_system/auth-services-springboot/target/classes started by france in /home/france/pos_system/auth-services-springboot)
2026-02-09T15:02:20.651-06:00  INFO 9436 --- [demo] [restartedMain] c.a.auth_services.DemoApplication        : No active profile set, falling back to 1 default profile: "default"
2026-02-09T15:02:20.688-06:00  INFO 9436 --- [demo] [restartedMain] .e.DevToolsPropertyDefaultsPostProcessor : Devtools property defaults active! Set 'spring.devtools.add-properties' to 'false' to disable
2026-02-09T15:02:20.688-06:00  INFO 9436 --- [demo] [restartedMain] .e.DevToolsPropertyDefaultsPostProcessor : For additional web related logging consider setting the 'logging.level.web' property to 'DEBUG'
2026-02-09T15:02:21.359-06:00  INFO 9436 --- [demo] [restartedMain] o.s.b.w.embedded.tomcat.TomcatWebServer  : Tomcat initialized with port 8080 (http)
2026-02-09T15:02:21.370-06:00  INFO 9436 --- [demo] [restartedMain] o.apache.catalina.core.StandardService   : Starting service [Tomcat]
2026-02-09T15:02:21.370-06:00  INFO 9436 --- [demo] [restartedMain] o.apache.catalina.core.StandardEngine    : Starting Servlet engine: [Apache Tomcat/10.1.48]
2026-02-09T15:02:21.394-06:00  INFO 9436 --- [demo] [restartedMain] o.a.c.c.C.[Tomcat].[localhost].[/]       : Initializing Spring embedded WebApplicationContext
2026-02-09T15:02:21.394-06:00  INFO 9436 --- [demo] [restartedMain] w.s.c.ServletWebServerApplicationContext : Root WebApplicationContext: initialization completed in 705 ms
2026-02-09T15:02:21.524-06:00  INFO 9436 --- [demo] [restartedMain] o.s.v.b.OptionalValidatorFactoryBean     : Failed to set up a Bean Validation provider: jakarta.validation.NoProviderFoundException: Unable to create a Configuration, because no Jakarta Bean Validation provider could be found. Add a provider like Hibernate Validator (RI) to your classpath.
2026-02-09T15:02:21.704-06:00  INFO 9436 --- [demo] [restartedMain] o.s.b.d.a.OptionalLiveReloadServer       : LiveReload server is running on port 35729
2026-02-09T15:02:21.732-06:00  INFO 9436 --- [demo] [restartedMain] o.s.b.w.embedded.tomcat.TomcatWebServer  : Tomcat started on port 8080 (http) with context path '/'
2026-02-09T15:02:21.740-06:00  INFO 9436 --- [demo] [restartedMain] c.a.auth_services.DemoApplication        : Started DemoApplication in 1.498 seconds (process running for 1.751)
2026-02-09T15:03:58.151-06:00  INFO 9436 --- [demo] [SpringApplicationShutdownHook] o.s.b.w.e.tomcat.GracefulShutdown        : Commencing graceful shutdown. Waiting for active requests to complete
2026-02-09T15:03:58.162-06:00  INFO 9436 --- [demo] [tomcat-shutdown] o.s.b.w.e.tomcat.GracefulShutdown        : Graceful shutdown complete
2026-02-09T15:05:42.034-06:00  INFO 12054 --- [demo] [restartedMain] c.a.auth_services.DemoApplication        : Starting DemoApplication using Java 21.0.10 with PID 12054 (/home/france/pos_system/auth-services-springboot/target/classes started by france in /home/france/pos_system/auth-services-springboot)
2026-02-09T15:05:42.036-06:00  INFO 12054 --- [demo] [restartedMain] c.a.auth_services.DemoApplication        : No active profile set, falling back to 1 default profile: "default"
2026-02-09T15:05:42.072-06:00  INFO 12054 --- [demo] [restartedMain] .e.DevToolsPropertyDefaultsPostProcessor : Devtools property defaults active! Set 'spring.devtools.add-properties' to 'false' to disable
2026-02-09T15:05:42.073-06:00  INFO 12054 --- [demo] [restartedMain] .e.DevToolsPropertyDefaultsPostProcessor : For additional web related logging consider setting the 'logging.level.web' property to 'DEBUG'
2026-02-09T15:05:42.659-06:00  INFO 12054 --- [demo] [restartedMain] o.s.b.w.embedded.tomcat.TomcatWebServer  : Tomcat initialized with port 8080 (http)
2026-02-09T15:05:42.666-06:00  INFO 12054 --- [demo] [restartedMain] o.apache.catalina.core.StandardService   : Starting service [Tomcat]
2026-02-09T15:05:42.667-06:00  INFO 12054 --- [demo] [restartedMain] o.apache.catalina.core.StandardEngine    : Starting Servlet engine: [Apache Tomcat/10.1.48]
2026-02-09T15:05:42.691-06:00  INFO 12054 --- [demo] [restartedMain] o.a.c.c.C.[Tomcat].[localhost].[/]       : Initializing Spring embedded WebApplicationContext
2026-02-09T15:05:42.691-06:00  INFO 12054 --- [demo] [restartedMain] w.s.c.ServletWebServerApplicationContext : Root WebApplicationContext: initialization completed in 618 ms
2026-02-09T15:05:42.817-06:00  INFO 12054 --- [demo] [restartedMain] o.s.v.b.OptionalValidatorFactoryBean     : Failed to set up a Bean Validation provider: jakarta.validation.NoProviderFoundException: Unable to create a Configuration, because no Jakarta Bean Validation provider could be found. Add a provider like Hibernate Validator (RI) to your classpath.
2026-02-09T15:05:42.994-06:00  INFO 12054 --- [demo] [restartedMain] o.s.b.d.a.OptionalLiveReloadServer       : LiveReload server is running on port 35729
2026-02-09T15:05:43.020-06:00  INFO 12054 --- [demo] [restartedMain] o.s.b.w.embedded.tomcat.TomcatWebServer  : Tomcat started on port 8080 (http) with context path '/'
2026-02-09T15:05:43.028-06:00  INFO 12054 --- [demo] [restartedMain] c.a.auth_services.DemoApplication        : Started DemoApplication in 1.293 seconds (process running for 1.525)
2026-02-09T15:05:55.761-06:00  INFO 12054 --- [demo] [http-nio-8080-exec-1] o.a.c.c.C.[Tomcat].[localhost].[/]       : Initializing Spring DispatcherServlet 'dispatcherServlet'
2026-02-09T15:05:55.761-06:00  INFO 12054 --- [demo] [http-nio-8080-exec-1] o.s.web.servlet.DispatcherServlet        : Initializing Servlet 'dispatcherServlet'
2026-02-09T15:05:55.762-06:00  INFO 12054 --- [demo] [http-nio-8080-exec-1] o.s.web.servlet.DispatcherServlet        : Completed initialization in 0 ms
2026-02-09T15:06:36.018-06:00  INFO 12054 --- [demo] [File Watcher] rtingClassPathChangeChangedEventListener : Restarting due to 1 class path change (0 additions, 0 deletions, 1 modification)
2026-02-09T15:06:36.026-06:00  INFO 12054 --- [demo] [Thread-5] o.s.b.w.e.tomcat.GracefulShutdown        : Commencing graceful shutdown. Waiting for active requests to complete
2026-02-09T15:06:36.043-06:00  INFO 12054 --- [demo] [tomcat-shutdown] o.s.b.w.e.tomcat.GracefulShutdown        : Graceful shutdown complete
2026-02-09T15:06:36.208-06:00  INFO 12054 --- [demo] [restartedMain] c.a.auth_services.DemoApplication        : Starting DemoApplication using Java 21.0.10 with PID 12054 (/home/france/pos_system/auth-services-springboot/target/classes started by france in /home/france/pos_system/auth-services-springboot)
2026-02-09T15:06:36.210-06:00  INFO 12054 --- [demo] [restartedMain] c.a.auth_services.DemoApplication        : No active profile set, falling back to 1 default profile: "default"
2026-02-09T15:06:36.742-06:00  INFO 12054 --- [demo] [restartedMain] o.s.b.w.embedded.tomcat.TomcatWebServer  : Tomcat initialized with port 8080 (http)
2026-02-09T15:06:36.743-06:00  INFO 12054 --- [demo] [restartedMain] o.apache.catalina.core.StandardService   : Starting service [Tomcat]
2026-02-09T15:06:36.743-06:00  INFO 12054 --- [demo] [restartedMain] o.apache.catalina.core.StandardEngine    : Starting Servlet engine: [Apache Tomcat/10.1.48]
2026-02-09T15:06:36.759-06:00  INFO 12054 --- [demo] [restartedMain] o.a.c.c.C.[Tomcat].[localhost].[/]       : Initializing Spring embedded WebApplicationContext
2026-02-09T15:06:36.760-06:00  INFO 12054 --- [demo] [restartedMain] w.s.c.ServletWebServerApplicationContext : Root WebApplicationContext: initialization completed in 545 ms
2026-02-09T15:06:36.803-06:00  INFO 12054 --- [demo] [restartedMain] o.s.v.b.OptionalValidatorFactoryBean     : Failed to set up a Bean Validation provider: jakarta.validation.NoProviderFoundException: Unable to create a Configuration, because no Jakarta Bean Validation provider could be found. Add a provider like Hibernate Validator (RI) to your classpath.
2026-02-09T15:06:36.854-06:00  INFO 12054 --- [demo] [restartedMain] o.s.b.d.a.OptionalLiveReloadServer       : LiveReload server is running on port 35729
2026-02-09T15:06:36.864-06:00  INFO 12054 --- [demo] [restartedMain] o.s.b.w.embedded.tomcat.TomcatWebServer  : Tomcat started on port 8080 (http) with context path '/'
2026-02-09T15:06:36.868-06:00  INFO 12054 --- [demo] [restartedMain] c.a.auth_services.DemoApplication        : Started DemoApplication in 0.731 seconds (process running for 55.365)
2026-02-09T15:06:36.870-06:00  INFO 12054 --- [demo] [restartedMain] .ConditionEvaluationDeltaLoggingListener : Condition evaluation unchanged
2026-02-09T15:08:17.678-06:00  INFO 12054 --- [demo] [SpringApplicationShutdownHook] o.s.b.w.e.tomcat.GracefulShutdown        : Commencing graceful shutdown. Waiting for active requests to complete
2026-02-09T15:08:17.683-06:00  INFO 12054 --- [demo] [tomcat-shutdown] o.s.b.w.e.tomcat.GracefulShutdown        : Graceful shutdown complete
2026-02-09T15:08:24.746-06:00  INFO 14166 --- [demo] [restartedMain] c.a.auth_services.DemoApplication        : Starting DemoApplication using Java 21.0.10 with PID 14166 (/home/france/pos_system/auth-services-springboot/target/classes started by france in /home/france/pos_system/auth-services-springboot)
2026-02-09T15:08:24.747-06:00  INFO 14166 --- [demo] [restartedMain] c.a.auth_services.DemoApplication        : No active profile set, falling back to 1 default profile: "default"
2026-02-09T15:08:24.782-06:00  INFO 14166 --- [demo] [restartedMain] .e.DevToolsPropertyDefaultsPostProcessor : Devtools property defaults active! Set 'spring.devtools.add-properties' to 'false' to disable
2026-02-09T15:08:24.782-06:00  INFO 14166 --- [demo] [restartedMain] .e.DevToolsPropertyDefaultsPostProcessor : For additional web related logging consider setting the 'logging.level.web' property to 'DEBUG'
2026-02-09T15:08:25.403-06:00  INFO 14166 --- [demo] [restartedMain] o.s.b.w.embedded.tomcat.TomcatWebServer  : Tomcat initialized with port 8080 (http)
2026-02-09T15:08:25.413-06:00  INFO 14166 --- [demo] [restartedMain] o.apache.catalina.core.StandardService   : Starting service [Tomcat]
2026-02-09T15:08:25.414-06:00  INFO 14166 --- [demo] [restartedMain] o.apache.catalina.core.StandardEngine    : Starting Servlet engine: [Apache Tomcat/10.1.48]
2026-02-09T15:08:25.444-06:00  INFO 14166 --- [demo] [restartedMain] o.a.c.c.C.[Tomcat].[localhost].[/]       : Initializing Spring embedded WebApplicationContext
2026-02-09T15:08:25.444-06:00  INFO 14166 --- [demo] [restartedMain] w.s.c.ServletWebServerApplicationContext : Root WebApplicationContext: initialization completed in 662 ms
2026-02-09T15:08:25.624-06:00  INFO 14166 --- [demo] [restartedMain] o.s.v.b.OptionalValidatorFactoryBean     : Failed to set up a Bean Validation provider: jakarta.validation.NoProviderFoundException: Unable to create a Configuration, because no Jakarta Bean Validation provider could be found. Add a provider like Hibernate Validator (RI) to your classpath.
2026-02-09T15:08:25.915-06:00  INFO 14166 --- [demo] [restartedMain] o.s.b.d.a.OptionalLiveReloadServer       : LiveReload server is running on port 35729
2026-02-09T15:08:26.000-06:00  INFO 14166 --- [demo] [restartedMain] o.s.b.w.embedded.tomcat.TomcatWebServer  : Tomcat started on port 8080 (http) with context path '/'
2026-02-09T15:08:26.064-06:00  INFO 14166 --- [demo] [restartedMain] c.a.auth_services.DemoApplication        : Started DemoApplication in 1.653 seconds (process running for 1.96)
2026-02-09T15:10:09.417-06:00  INFO 14166 --- [demo] [http-nio-8080-exec-1] o.a.c.c.C.[Tomcat].[localhost].[/]       : Initializing Spring DispatcherServlet 'dispatcherServlet'
2026-02-09T15:10:09.418-06:00  INFO 14166 --- [demo] [http-nio-8080-exec-1] o.s.web.servlet.DispatcherServlet        : Initializing Servlet 'dispatcherServlet'
2026-02-09T15:10:09.419-06:00  INFO 14166 --- [demo] [http-nio-8080-exec-1] o.s.web.servlet.DispatcherServlet        : Completed initialization in 1 ms
2026-02-09T15:10:09.443-06:00  INFO 14166 --- [demo] [http-nio-8080-exec-1] c.a.a.controller.DemoController          : Welcome endpoint was called
2026-02-09T15:10:09.443-06:00 ERROR 14166 --- [demo] [http-nio-8080-exec-1] c.a.a.controller.DemoController          : Error message example
2026-02-09T15:10:09.503-06:00  INFO 14166 --- [demo] [http-nio-8080-exec-2] c.a.a.controller.DemoController          : Welcome endpoint was called
2026-02-09T15:10:09.504-06:00 ERROR 14166 --- [demo] [http-nio-8080-exec-2] c.a.a.controller.DemoController          : Error message example
